HolcimMovile/app/build/outputs/apk/manifest-merger-debug-report.txt
-- Merging decision tree log ---
manifest
ADDED from AndroidManifest.xml:2:1
	xmlns:android
		ADDED from AndroidManifest.xml:2:11
	package
		ADDED from AndroidManifest.xml:3:5
		INJECTED from AndroidManifest.xml:0:0
		INJECTED from AndroidManifest.xml:0:0
	android:versionName
		ADDED from AndroidManifest.xml:5:5
	android:versionCode
		ADDED from AndroidManifest.xml:4:5
		INJECTED from AndroidManifest.xml:0:0
		INJECTED from AndroidManifest.xml:0:0
uses-permission#android.permission.INTERNET
ADDED from AndroidManifest.xml:7:5
	android:name
		ADDED from AndroidManifest.xml:7:22
uses-permission#android.permission.ACCESS_NETWORK_STATE
ADDED from AndroidManifest.xml:8:5
	android:name
		ADDED from AndroidManifest.xml:8:22
uses-permission#android.permission.USE_CREDENTIALS
ADDED from AndroidManifest.xml:9:5
	android:name
		ADDED from AndroidManifest.xml:9:22
uses-permission#android.permission.WRITE_EXTERNAL_STORAGE
ADDED from AndroidManifest.xml:11:5
	android:name
		ADDED from AndroidManifest.xml:11:22
uses-permission#android.permission.CAMERA
ADDED from AndroidManifest.xml:13:5
	android:name
		ADDED from AndroidManifest.xml:13:22
uses-permission#android.permission.STORAGE
ADDED from AndroidManifest.xml:14:5
	android:name
		ADDED from AndroidManifest.xml:14:22
uses-feature#android.hardware.camera
ADDED from AndroidManifest.xml:16:5
	android:name
		ADDED from AndroidManifest.xml:16:19
uses-permission#android.permission.ACCESS_COARSE_LOCATION
ADDED from AndroidManifest.xml:18:5
	android:name
		ADDED from AndroidManifest.xml:18:22
uses-permission#android.permission.ACCESS_FINE_LOCATION
ADDED from AndroidManifest.xml:19:5
	android:name
		ADDED from AndroidManifest.xml:19:22
uses-sdk
ADDED from AndroidManifest.xml:21:5
MERGED from com.android.support:support-v4:21.0.0:15:5
MERGED from com.google.android.gms:play-services:6.5.87:18:5
MERGED from com.android.support:support-v4:21.0.0:15:5
	android:targetSdkVersion
		INJECTED from AndroidManifest.xml:0:0
		INJECTED from AndroidManifest.xml:0:0
	android:minSdkVersion
		ADDED from AndroidManifest.xml:21:15
		INJECTED from AndroidManifest.xml:0:0
		INJECTED from AndroidManifest.xml:0:0
application
ADDED from AndroidManifest.xml:23:5
MERGED from com.android.support:support-v4:21.0.0:16:5
MERGED from com.google.android.gms:play-services:6.5.87:20:5
MERGED from com.android.support:support-v4:21.0.0:16:5
	android:label
		ADDED from AndroidManifest.xml:27:9
	android:allowBackup
		ADDED from AndroidManifest.xml:25:9
	android:icon
		ADDED from AndroidManifest.xml:26:9
	android:theme
		ADDED from AndroidManifest.xml:29:9
	android:largeHeap
		ADDED from AndroidManifest.xml:28:9
	android:name
		ADDED from AndroidManifest.xml:24:9
activity#com.holcim.altimetrik.android.activities.HolcimMyVisitPlanListActivity
ADDED from AndroidManifest.xml:30:9
	android:windowSoftInputMode
		ADDED from AndroidManifest.xml:34:13
	android:screenOrientation
		ADDED from AndroidManifest.xml:33:13
	android:label
		ADDED from AndroidManifest.xml:32:13
	android:name
		ADDED from AndroidManifest.xml:31:13
activity#com.holcim.altimetrik.android.activities.HolcimCreateFeedbackActivity
ADDED from AndroidManifest.xml:36:9
	android:screenOrientation
		ADDED from AndroidManifest.xml:39:13
	android:label
		ADDED from AndroidManifest.xml:38:13
	android:name
		ADDED from AndroidManifest.xml:37:13
activity#com.holcim.altimetrik.android.activities.HolcimCameraActivity
ADDED from AndroidManifest.xml:41:9
	android:screenOrientation
		ADDED from AndroidManifest.xml:44:13
	android:label
		ADDED from AndroidManifest.xml:43:13
	android:name
		ADDED from AndroidManifest.xml:42:13
activity#com.holcim.altimetrik.android.activities.HolcimShowContactInfo
ADDED from AndroidManifest.xml:46:9
	android:screenOrientation
		ADDED from AndroidManifest.xml:49:13
	android:label
		ADDED from AndroidManifest.xml:48:13
	android:name
		ADDED from AndroidManifest.xml:47:13
activity#com.holcim.altimetrik.android.activities.HolcimContactActivity
ADDED from AndroidManifest.xml:51:9
	android:screenOrientation
		ADDED from AndroidManifest.xml:54:13
	android:label
		ADDED from AndroidManifest.xml:53:13
	android:name
		ADDED from AndroidManifest.xml:52:13
activity#com.holcim.altimetrik.android.activities.HolcimCreateCompetitorMarketing
ADDED from AndroidManifest.xml:56:9
	android:screenOrientation
		ADDED from AndroidManifest.xml:59:13
	android:label
		ADDED from AndroidManifest.xml:58:13
	android:name
		ADDED from AndroidManifest.xml:57:13
activity#com.holcim.altimetrik.android.activities.HolcimCreatePreorderActivity
ADDED from AndroidManifest.xml:61:9
	android:screenOrientation
		ADDED from AndroidManifest.xml:64:13
	android:label
		ADDED from AndroidManifest.xml:63:13
	android:name
		ADDED from AndroidManifest.xml:62:13
activity#com.holcim.altimetrik.android.activities.HolcimMainActivity
ADDED from AndroidManifest.xml:66:9
	android:windowSoftInputMode
		ADDED from AndroidManifest.xml:70:13
	android:screenOrientation
		ADDED from AndroidManifest.xml:69:13
	android:label
		ADDED from AndroidManifest.xml:68:13
	android:name
		ADDED from AndroidManifest.xml:67:13
activity#com.holcim.altimetrik.android.activities.HolcimVisitDetailActivity
ADDED from AndroidManifest.xml:72:9
	android:windowSoftInputMode
		ADDED from AndroidManifest.xml:76:13
	android:screenOrientation
		ADDED from AndroidManifest.xml:75:13
	android:label
		ADDED from AndroidManifest.xml:74:13
	android:name
		ADDED from AndroidManifest.xml:73:13
activity#com.holcim.altimetrik.android.activities.HolcimSelectedRetailerActivity
ADDED from AndroidManifest.xml:78:9
	android:windowSoftInputMode
		ADDED from AndroidManifest.xml:82:13
	android:screenOrientation
		ADDED from AndroidManifest.xml:81:13
	android:label
		ADDED from AndroidManifest.xml:80:13
	android:name
		ADDED from AndroidManifest.xml:79:13
activity#com.holcim.altimetrik.android.activities.HolcimLoginActivity
ADDED from AndroidManifest.xml:84:9
	android:windowSoftInputMode
		ADDED from AndroidManifest.xml:88:13
	android:screenOrientation
		ADDED from AndroidManifest.xml:87:13
	android:label
		ADDED from AndroidManifest.xml:86:13
	android:name
		ADDED from AndroidManifest.xml:85:13
activity#com.holcim.altimetrik.android.activities.HolcimUnplannedVisitActivity
ADDED from AndroidManifest.xml:90:9
	android:screenOrientation
		ADDED from AndroidManifest.xml:93:13
	android:label
		ADDED from AndroidManifest.xml:92:13
	android:name
		ADDED from AndroidManifest.xml:91:13
activity#com.holcim.altimetrik.android.activities.HolcimMarketInfoActivity
ADDED from AndroidManifest.xml:95:9
	android:screenOrientation
		ADDED from AndroidManifest.xml:98:13
	android:label
		ADDED from AndroidManifest.xml:97:13
	android:name
		ADDED from AndroidManifest.xml:96:13
activity#com.holcim.altimetrik.android.activities.HolcimSplashScreen
ADDED from AndroidManifest.xml:100:9
	android:screenOrientation
		ADDED from AndroidManifest.xml:103:13
	android:label
		ADDED from AndroidManifest.xml:102:13
	android:theme
		ADDED from AndroidManifest.xml:104:13
	android:name
		ADDED from AndroidManifest.xml:101:13
intent-filter#android.intent.action.MAIN+android.intent.category.DEFAULT+android.intent.category.LAUNCHER
ADDED from AndroidManifest.xml:105:13
action#android.intent.action.MAIN
ADDED from AndroidManifest.xml:106:17
	android:name
		ADDED from AndroidManifest.xml:106:25
category#android.intent.category.DEFAULT
ADDED from AndroidManifest.xml:108:17
	android:name
		ADDED from AndroidManifest.xml:108:27
category#android.intent.category.LAUNCHER
ADDED from AndroidManifest.xml:109:17
	android:name
		ADDED from AndroidManifest.xml:109:27
activity#com.holcim.altimetrik.android.activities.HolcimSyncActivity
ADDED from AndroidManifest.xml:112:9
	android:screenOrientation
		ADDED from AndroidManifest.xml:115:13
	android:label
		ADDED from AndroidManifest.xml:114:13
	android:name
		ADDED from AndroidManifest.xml:113:13
activity#com.holcim.altimetrik.android.activities.HolcimSignIn
ADDED from AndroidManifest.xml:117:9
	android:windowSoftInputMode
		ADDED from AndroidManifest.xml:121:13
	android:screenOrientation
		ADDED from AndroidManifest.xml:120:13
	android:label
		ADDED from AndroidManifest.xml:119:13
	android:name
		ADDED from AndroidManifest.xml:118:13
activity#com.holcim.altimetrik.android.activities.HolcimCreateNewContactActivity
ADDED from AndroidManifest.xml:122:9
	android:windowSoftInputMode
		ADDED from AndroidManifest.xml:126:13
	android:screenOrientation
		ADDED from AndroidManifest.xml:125:13
	android:label
		ADDED from AndroidManifest.xml:124:13
	android:name
		ADDED from AndroidManifest.xml:123:13
activity#com.holcim.altimetrik.android.activities.HolcimShowFeedbackActivity
ADDED from AndroidManifest.xml:127:9
	android:label
		ADDED from AndroidManifest.xml:129:13
	android:name
		ADDED from AndroidManifest.xml:128:13
meta-data#com.google.android.gms.version
ADDED from com.google.android.gms:play-services:6.5.87:21:9
	android:name
		ADDED from com.google.android.gms:play-services:6.5.87:22:13
	android:value
		ADDED from com.google.android.gms:play-services:6.5.87:23:13